<?xml version="1.0" encoding="UTF-8"?>
<!-- Generated by org.testng.reporters.JUnitReportReporter -->
<testsuite name="com.browserstack.SingleTest" tests="1" time="14.098" ignored="0" failures="0" timestamp="09 Jan 2017 15:06:06 GMT" skipped="0" hostname="Charlies-MBP" errors="0">
  <testcase name="test" time="14.098" classname="com.browserstack.SingleTest"/>
</testsuite> <!-- com.browserstack.SingleTest -->
