<?xml version="1.0" encoding="UTF-8"?>
<!-- Generated by org.testng.reporters.JUnitReportReporter -->
<testsuite name="com.browserstack.suite.SuiteTest02" tests="4" time="126.465" ignored="0" failures="0" timestamp="05 Jan 2017 23:05:34 GMT" skipped="0" hostname="Charlies-MacBook-Pro.local" errors="0">
  <testcase name="test" time="46.157" classname="com.browserstack.suite.SuiteTest02"/>
  <testcase name="test" time="34.582" classname="com.browserstack.suite.SuiteTest02"/>
  <testcase name="test" time="17.698" classname="com.browserstack.suite.SuiteTest02"/>
  <testcase name="test" time="28.028" classname="com.browserstack.suite.SuiteTest02"/>
</testsuite> <!-- com.browserstack.suite.SuiteTest02 -->
