<?xml version="1.0" encoding="UTF-8"?>
<!-- Generated by org.testng.reporters.JUnitReportReporter -->
<testsuite hostname="Charlies-MacBook-Pro.local" name="com.browserstack.suite.SuiteTest08" tests="2" failures="0" timestamp="14 Dec 2016 10:05:18 GMT" time="55.617" errors="0">
  <testcase name="test_08" time="31.135" classname="com.browserstack.suite.SuiteTest08"/>
  <testcase name="test_08" time="24.482" classname="com.browserstack.suite.SuiteTest08"/>
</testsuite> <!-- com.browserstack.suite.SuiteTest08 -->
