<?xml version="1.0" encoding="UTF-8"?>
<!-- Generated by org.testng.reporters.JUnitReportReporter -->
<testsuite name="com.browserstack.SingleTest" tests="3" time="59.538" ignored="0" failures="0" timestamp="05 Jan 2017 23:03:25 GMT" skipped="0" hostname="Charlies-MacBook-Pro.local" errors="0">
  <testcase name="test" time="17.204" classname="com.browserstack.SingleTest"/>
  <testcase name="test" time="18.966" classname="com.browserstack.SingleTest"/>
  <testcase name="test" time="23.368" classname="com.browserstack.SingleTest"/>
</testsuite> <!-- com.browserstack.SingleTest -->
