<?xml version="1.0" encoding="UTF-8"?>
<!-- Generated by org.testng.reporters.JUnitReportReporter -->
<testsuite hostname="Charlies-MacBook-Pro.local" name="com.browserstack.suite.SuiteTest06" tests="2" failures="0" timestamp="14 Dec 2016 10:05:08 GMT" time="97.296" errors="0">
  <testcase name="test_06" time="51.947" classname="com.browserstack.suite.SuiteTest06"/>
  <testcase name="test_06" time="45.349" classname="com.browserstack.suite.SuiteTest06"/>
</testsuite> <!-- com.browserstack.suite.SuiteTest06 -->
