<?xml version="1.0" encoding="UTF-8"?>
<!-- Generated by org.testng.reporters.JUnitReportReporter -->
<testsuite hostname="Charlies-MacBook-Pro.local" name="com.browserstack.suite.SuiteTest07" tests="2" failures="0" timestamp="14 Dec 2016 10:05:38 GMT" time="51.180" errors="0">
  <testcase name="test_07" time="26.696" classname="com.browserstack.suite.SuiteTest07"/>
  <testcase name="test_07" time="24.484" classname="com.browserstack.suite.SuiteTest07"/>
</testsuite> <!-- com.browserstack.suite.SuiteTest07 -->
