<?xml version="1.0" encoding="UTF-8"?>
<!-- Generated by org.testng.reporters.JUnitReportReporter -->
<testsuite name="com.browserstack.suite.SuiteTest03" tests="4" time="87.337" ignored="0" failures="0" timestamp="05 Jan 2017 23:05:29 GMT" skipped="0" hostname="Charlies-MacBook-Pro.local" errors="0">
  <testcase name="test" time="15.239" classname="com.browserstack.suite.SuiteTest03"/>
  <testcase name="test" time="21.908" classname="com.browserstack.suite.SuiteTest03"/>
  <testcase name="test" time="25.289" classname="com.browserstack.suite.SuiteTest03"/>
  <testcase name="test" time="24.901" classname="com.browserstack.suite.SuiteTest03"/>
</testsuite> <!-- com.browserstack.suite.SuiteTest03 -->
