<?xml version="1.0" encoding="UTF-8"?>
<!-- Generated by org.testng.reporters.JUnitReportReporter -->
<testsuite hostname="Charlies-MacBook-Pro.local" name="com.browserstack.suite.SuiteTest05" tests="2" failures="0" timestamp="14 Dec 2016 10:05:43 GMT" time="78.194" errors="0">
  <testcase name="test_05" time="39.582" classname="com.browserstack.suite.SuiteTest05"/>
  <testcase name="test_05" time="38.612" classname="com.browserstack.suite.SuiteTest05"/>
</testsuite> <!-- com.browserstack.suite.SuiteTest05 -->
