<?xml version="1.0" encoding="UTF-8"?>
<!-- Generated by org.testng.reporters.JUnitReportReporter -->
<testsuite name="com.browserstack.suite.SuiteTest01" tests="4" time="122.906" ignored="0" failures="0" timestamp="05 Jan 2017 23:05:39 GMT" skipped="0" hostname="Charlies-MacBook-Pro.local" errors="0">
  <testcase name="test" time="21.630" classname="com.browserstack.suite.SuiteTest01"/>
  <testcase name="test" time="30.640" classname="com.browserstack.suite.SuiteTest01"/>
  <testcase name="test" time="26.931" classname="com.browserstack.suite.SuiteTest01"/>
  <testcase name="test" time="43.705" classname="com.browserstack.suite.SuiteTest01"/>
</testsuite> <!-- com.browserstack.suite.SuiteTest01 -->
