<?xml version="1.0" encoding="UTF-8"?>
<!-- Generated by org.testng.reporters.JUnitReportReporter -->
<testsuite name="com.browserstack.LocalTest" tests="1" time="43.785" ignored="0" failures="0" timestamp="05 Jan 2017 22:59:17 GMT" skipped="0" hostname="Charlies-MacBook-Pro.local" errors="0">
  <testcase name="test" time="43.785" classname="com.browserstack.LocalTest"/>
</testsuite> <!-- com.browserstack.LocalTest -->
