<?xml version="1.0" encoding="UTF-8"?>
<!-- Generated by org.testng.reporters.JUnitReportReporter -->
<testsuite hostname="Charlies-MacBook-Pro.local" name="com.browserstack.suite.SuiteTest09" tests="2" failures="0" timestamp="14 Dec 2016 10:05:48 GMT" time="49.912" errors="0">
  <testcase name="test_09" time="24.712" classname="com.browserstack.suite.SuiteTest09"/>
  <testcase name="test_09" time="25.200" classname="com.browserstack.suite.SuiteTest09"/>
</testsuite> <!-- com.browserstack.suite.SuiteTest09 -->
