<?xml version="1.0" encoding="UTF-8"?>
<!-- Generated by org.testng.reporters.JUnitReportReporter -->
<testsuite name="com.browserstack.suite.SuiteTest04" tests="4" time="101.296" ignored="0" failures="0" timestamp="05 Jan 2017 23:05:24 GMT" skipped="0" hostname="Charlies-MacBook-Pro.local" errors="0">
  <testcase name="test" time="20.787" classname="com.browserstack.suite.SuiteTest04"/>
  <testcase name="test" time="16.217" classname="com.browserstack.suite.SuiteTest04"/>
  <testcase name="test" time="40.227" classname="com.browserstack.suite.SuiteTest04"/>
  <testcase name="test" time="24.065" classname="com.browserstack.suite.SuiteTest04"/>
</testsuite> <!-- com.browserstack.suite.SuiteTest04 -->
