<?xml version="1.0" encoding="UTF-8"?>
<!-- Generated by org.testng.reporters.JUnitReportReporter -->
<testsuite hostname="Charlies-MacBook-Pro.local" name="com.browserstack.suite.SuiteTest10" tests="2" failures="0" timestamp="14 Dec 2016 10:05:03 GMT" time="64.519" errors="0">
  <testcase name="test_10" time="31.373" classname="com.browserstack.suite.SuiteTest10"/>
  <testcase name="test_10" time="33.146" classname="com.browserstack.suite.SuiteTest10"/>
</testsuite> <!-- com.browserstack.suite.SuiteTest10 -->
